2.218220
2.000527
1.747518
1.529910
1.371586
1.215725
0.892747
0.668907
0.286558
0.208132
0.154207
0.081347
0.059252
0.027260
0.018754
0.029808
0.059435
0.000204
0.000177
0.000268
0.078231
0.078096
0.000564
0.073067
0.097490
0.137955
0.127453
0.135831
0.142576
0.137484
0.151003
0.084239
0.051242
0.070928
0.097260
0.158062
0.161674
0.155355
0.141005
0.004164
0.090572
0.148365
0.154294
0.147788
0.182886
0.186692
0.190039
0.172356
0.013305
0.013105
0.012590
0.120291
0.151140
0.146196
0.147044
0.092150
0.004811
0.120729
0.137967
0.169545
0.023186
0.192268
0.453970
0.497998
0.521830
0.488920
0.014436
0.442633
0.375706
0.317509
0.301239
0.225262
0.237376
0.233783
0.218691
0.077718
0.235042
0.263883
0.195700
0.014078
0.161930
0.014424
0.005280
0.005181
0.005276
0.004835
0.004193
0.003892
0.003987
0.003659
0.004069
0.063720
0.065716
0.107407
0.093515
0.234169
0.256562
0.266816
0.277531
0.339640
0.237258
0.001204
0.000472
0.000202
0.000180
0.000308
0.000338
0.000286
0.000363
0.000381
0.000759
0.001953
0.001982
0.000491
0.000456
0.000557
0.000490
0.000240
0.000272
0.000238
0.000279
0.000228
0.000630
0.000502
0.000443
0.000572
0.001672
0.002449
0.214980
0.164705
0.367409
0.279870
0.440824
0.718164
0.742680
0.014254
0.973834
1.134933
0.997777
1.132930
1.278937
1.291997
1.275614
1.287984
1.193818
0.000192
0.000189
0.000233
0.000920
0.001865
0.000077
0.000165
0.000533
0.000191
0.000108
0.000247
0.000116
0.000180
0.000042
0.000046
0.000279
0.000063
0.000063
0.000331
0.000126
0.000239
0.000309
0.000221
1.034181
0.922354
0.761364
0.359216
0.288491
0.002533
0.002254
0.106074
0.012763
0.029290
0.023661
0.031731
0.009154
0.407064
0.666481
0.925875
1.465132
1.786423
2.007022
2.366350
2.768054
3.217086
3.584773
3.856550
3.960211
0.008967
0.005768
0.000235
0.000215
0.000168
0.000531
0.000495
0.000774
0.000264
0.000137
0.000465
0.000138
4.059700
4.252340
4.362708
4.531082
4.612348
4.768722
4.844144
4.919029
4.920735
2.010484
2.020365
0.004041
0.004116
0.034957
0.000810
0.000738
0.040932
0.046479
0.052019
0.051712
0.051236
0.029855
0.020229
0.021355
0.021839
0.022913
0.024223
0.020958
0.028636
0.033687
0.085430
0.101880
0.126823
0.157925
0.170565
0.172414
0.175515
0.714369
0.742404
5.252177
5.522688
5.584444
5.516605
5.449699
5.349271
5.267609
5.082289
4.932759
4.753594
4.464554
4.328791
4.013830
3.819787
2.934919
0.242703
0.147611
0.115538
0.096900
0.002319
0.002405
0.002284
0.002287
0.002640
0.115547
0.118922
0.121161
0.121321
0.082284
0.095567
0.096102
0.093437
0.091984
0.088789
0.086852
0.084952
0.083236
0.080120
0.077417
0.077544
0.077635
0.078764
0.152260
0.001411
2.511089
2.300619
1.728846
1.728218
0.832470
1.445044
0.937233
0.341200
0.005079
0.005517
0.001530
0.006183
0.005543
0.005762
0.006690
0.007563
0.008325
0.009565
0.364718
2.073320
2.894249
3.341645
3.721859
4.066493
4.661813
5.057043
5.298663
5.476259
5.570082
5.694590
5.806541
5.890824
5.788244
5.725957
5.657743
5.541066
5.260133
4.994238
4.728243
4.373916
3.427361
2.851915
2.712204
0.017965
0.015618
0.001024
0.000653
0.000492
0.000509
0.000205
0.000223
0.000258
0.000256
0.000335
0.000618
0.000908
0.000739
0.000219
0.000136
0.000151
0.000211
0.000085
0.000116
0.000209
0.000339
0.003277
0.018147
2.604198
2.469076
2.570056
3.069192
0.017031
0.018196
0.086476
3.895590
4.331126
4.747846
5.183829
5.554022
5.604146
6.384561
6.534895
6.643735
6.859340
6.868936
6.812732
6.794940
6.696701
6.151668
5.537627
3.799068
1.894806
1.465782
0.818751
0.308474
0.287114
0.018073
0.009543
0.002781
0.003061
0.056968
0.057001
0.057260
0.059592
0.062377
0.620525
1.440657
1.845764
4.502272
5.140373
5.928148
6.806212
7.607191
8.615961
8.866755
9.169677
9.326962
9.432661
9.416754
9.396807
9.397198
9.404346
9.314647
9.135803
8.972116
8.875597
8.408846
8.092235
7.644614
6.767151
6.220488
5.465347
3.766930
2.018076
1.867354
0.683295
0.008637
0.006397
0.004485
0.003250
0.006195
0.903809
3.180176
3.833588
4.964981
6.266895
7.201951
7.760749
8.674031
9.223609
9.337639
9.288182
9.199455
8.402067
7.866119
7.197650
0.044703
0.022143
0.016686
0.006425
0.005529
0.006409
0.008835
6.335284
5.751675
4.430646
0.146407
0.133789
0.121093
0.000946
0.001394
0.001740
0.001746
0.002717
0.001869
0.003140
0.024602
3.851266
3.532498
0.893259
0.927637
0.068457
2.227312
2.149896
1.391559
2.008344
5.532566
6.253920
0.001056
0.000942
0.000357
0.000273
0.000872
0.000555
0.000673
0.000675
0.000752
0.002490
0.003423
0.013361
0.041662
6.634834
7.424561
8.090892
8.764244
8.801095
8.858626
8.827916
8.658807
8.503703
8.248633
7.838350
7.655427
7.341598
6.734465
6.315511
6.035899
5.446949
4.970966
4.570840
4.150311
3.850442
3.564567
3.240071
2.549693
2.454103
1.211945
1.079003
0.770794
0.656661
0.519195
0.506578
0.487140
0.404506
0.390174
0.378147
0.367172
0.359771
0.352556
0.349631
0.438316
0.418567
0.345716
0.313705
0.095984
0.088355
0.010770
0.010067
0.117354
0.130395
0.153694
0.184145
0.278705
0.287386
0.292654
0.287363
0.273743
0.263798
0.000899
0.003394
0.004303
0.003545
0.003387
0.003350
0.003736
0.003966
0.003361
0.003343
0.003341
0.003227
0.003356
0.003240
0.003271
0.003275
0.003267
0.003477
0.003506
0.003290
0.003247
0.003293
0.003339
0.003257
0.003805
0.003370
0.003742
0.004216
0.195286
0.274120
0.534696
0.629029
0.884309
1.369002
0.340125
0.342763
0.344377
0.344442
0.341348
0.339593
0.336785
0.336250
0.336694
0.328868
0.311649
0.291429
0.253817
0.246214
0.006832
0.259225
0.260014
0.261790
0.272982
0.268051
0.266393
0.027316
0.293558
0.333794
0.339433
2.022022
2.405145
2.786316
2.923297
3.088344
0.350551
0.345830
0.345941
0.346121
0.346499
0.346465
0.346379
0.346373
0.346425
0.346470
0.346424
0.346435
0.346460
0.346329
0.346150
0.345880
0.345762
0.345820
0.346170
0.346416
0.346646
0.346469
0.346547
0.346519
0.346536
0.350947
0.355336
0.355555
0.194221
0.194188
0.058517
0.058455
0.058432
0.058452
0.058411
0.058423
0.058360
0.058360
0.058345
0.058182
0.057937
0.055900
0.051820
0.047789
0.046012
0.044625
0.042683
0.039749
0.036930
0.031628
0.025812
0.018677
0.002954
0.016627
0.017724
0.017543
0.006458
0.006524
0.006587
0.006510
0.006506
0.006330
0.006336
0.016417
0.017749
0.018410
0.018801
0.018814
0.019117
0.020403
0.022452
0.024493
0.024664
0.024636
0.024653
0.024393
0.024153
0.024097
0.024205
0.023947
0.023948
0.023349
0.022852
0.008455
0.021196
0.023075
0.027381
0.033259
0.042308
0.052797
0.054247
0.054119
0.050718
0.047245
0.034836
0.031395
0.006762
0.006639
0.006609
0.006543
0.006528
0.025018
0.023576
0.022387
0.021115
0.020942
0.020660
0.020486
0.035026
0.000647
0.000522
0.013772
0.021255
0.029128
0.034753
0.036791
0.039085
0.041008
0.044605
0.046691
0.046847
0.047534
0.049350
0.051772
0.052432
0.053678
0.054479
0.055484
0.056033
0.056238
0.056601
0.057548
0.058360
0.058477
0.058435
0.058444
0.058433
0.058429
0.058430
0.058431
0.058599
0.058490
0.058452
0.058432
0.058420
0.058429
0.058432
0.058421
0.058420
0.058433
0.058429
0.058437
0.058544
0.058435
0.058438
0.058443
0.058481
3.372029
3.470519
3.683451
3.697971
3.677229
3.658641
3.634271
3.528110
3.450260
3.379706
3.176245
0.067872
0.063456
0.061318
0.059321
0.041407
2.792030
2.653378
0.001136
0.000596
0.000352
0.000233
0.000222
0.000116
0.000102
0.000136
0.000071
0.000034
0.000033
0.000020
0.000024
0.000014
0.000022
0.000051
0.000017
0.000017
0.000011
0.000009
0.000010
0.000014
0.000039
0.000028
0.000026
0.000050
0.000013
0.000011
0.000013
0.000017
0.000014
0.000006
0.000007
0.000018
0.000017
0.000004
0.000007
0.000004
0.000020
0.000018
0.000014
0.000011
0.000017
0.000027
0.000028
0.000026
0.000035
0.000050
0.000071
0.000033
0.000045
0.000007
0.000015
0.000011
0.000009
0.000007
0.000014
0.000009
0.000007
0.000013
0.000004
0.000002
0.000002
0.000001
0.000002
0.000002
0.000002
0.000004
0.000025
0.000028
0.000035
0.000002
0.000006
0.000002
0.000002
0.000008
0.000008
0.000008
0.000012
0.000011
0.000006
0.000006
0.000006
0.000004
0.000005
0.000001
0.000033
0.000009
0.000003
0.000002
0.000002
0.000003
0.000004
0.000004
0.003406
2.408855
0.484530
1.702401
0.010908
0.011762
0.003152
0.003656
0.003094
0.003862
0.004191
0.119588
0.003143
0.003108
0.003197
0.003226
0.003237
0.180331
2.474043
2.646252
0.000187
2.872000
2.977201
3.051573
3.170487
3.204666
0.000031
3.285403
3.281341
3.194665
3.050444
2.727269
2.476246
0.000046
0.000012
0.000009
0.000006
0.000006
0.000003
0.000003
0.000033
0.000023
0.000022
0.000016
0.000018
0.000002
0.000002
0.000005
0.000003
0.000008
0.000005
0.000005
0.000010
0.000025
2.297873
0.000005
0.000003
0.000005
0.000005
0.000003
0.000002
0.000002
0.000004
0.000008
0.000009
0.000011
0.000014
2.048062
0.016237
2.044575
1.604602
1.040474
1.011520
0.445372
0.229450
0.000025
0.000024
0.196218
0.168150
0.000005
0.140521
0.067952
0.003740
0.002613
0.003111
0.000390
0.000277
0.004303
0.004214
0.000200
0.000121
0.000108
0.000122
0.000355
0.000325
0.000234
0.000401
0.007222
0.003829
0.004525
0.004399
0.005520
0.000031
0.025557
0.026232
0.028202
0.040572
0.000944
0.000961
0.057758
0.062417
0.021902
0.056211
0.000231
0.075390
0.022220
0.059319
0.071577
0.145957
0.206718
0.330577
0.551593
0.895615
1.183148
1.390920
1.649682
1.903873
