2.161618
0.454521
0.147913
0.103837
0.055284
0.046633
0.076662
0.042622
0.040617
0.058664
0.058161
0.053870
0.053584
0.065777
0.064402
0.064620
0.064265
0.062305
0.053239
0.052200
0.044608
0.036080
0.036168
0.035124
0.046195
0.045230
0.048080
0.055026
0.069852
0.067435
0.066798
0.068683
0.084329
0.081421
0.105398
0.159988
0.393545
0.464654
0.506603
0.646828
0.743048
0.890626
0.994519
1.044827
1.058043
1.039788
0.964376
0.943589
0.967208
0.982907
0.437479
0.436487
0.420891
0.414343
0.018472
0.016224
0.015471
0.015169
0.015320
0.015092
0.015355
0.015824
0.017883
0.015337
0.014919
0.014596
0.014386
0.013712
0.011759
0.010857
0.007634
0.006357
0.005878
0.005797
0.005843
0.006470
0.003290
0.000283
0.000177
0.000325
0.000367
0.000420
0.000588
0.387929
0.389899
0.393034
0.397645
0.410511
0.435138
0.444645
0.443927
0.445983
0.443498
0.453469
0.454215
0.456512
0.002608
0.002395
0.000540
0.000333
0.000231
0.000291
0.000318
0.000240
0.000137
0.000094
0.000114
0.000053
0.000379
0.000947
0.000108
0.000116
0.000155
0.000479
0.000311
0.001013
0.416367
0.410175
0.399944
0.396049
0.381676
0.328218
0.306087
0.285437
0.276014
0.275759
0.269415
0.019498
0.022745
0.003927
0.003813
0.003831
0.004078
0.004094
0.004358
0.004756
0.005637
0.007116
0.008312
0.008876
0.008808
0.964649
0.966643
0.867507
0.856297
0.843076
0.803115
0.781977
0.744232
0.002070
0.002068
0.694941
0.637683
0.568877
0.309319
0.031980
0.029082
0.046675
0.043125
0.042133
0.040954
0.038052
0.035883
0.034137
0.031758
0.001458
0.015932
0.017063
0.018227
0.019340
0.023947
0.026437
0.027172
0.028208
0.028511
0.028779
0.029199
0.030185
0.225076
0.226154
0.226635
0.036542
0.336456
0.340677
0.000631
0.000492
0.000357
0.000134
0.000147
0.000199
0.000209
0.000182
0.000309
0.000229
0.329474
0.279722
0.269326
0.215723
0.210289
0.204235
0.196976
0.190771
0.182652
0.172081
0.155807
0.055926
0.055773
0.054154
0.004111
0.114092
0.141959
0.195405
0.238281
0.310229
0.380894
0.398666
0.430123
0.441151
0.446187
0.437839
0.380141
0.328388
0.287952
0.253226
0.162981
0.035568
0.034840
0.066501
0.047575
0.048532
0.035096
0.056561
0.364532
0.441237
0.570157
0.655630
0.009735
0.012595
2.535480
3.117628
3.635244
0.041645
0.048385
4.887839
5.640910
6.425467
6.662429
6.897776
7.217774
7.590947
7.963525
8.098845
8.297209
8.416972
8.586012
8.614079
8.655277
8.718927
8.744917
8.762633
8.760850
8.672681
8.584064
8.456599
8.358342
8.103110
7.897308
7.698277
7.402587
6.993311
6.845027
0.038909
0.035982
0.029585
6.561279
6.314861
6.031506
5.521385
5.073826
0.129810
4.393745
4.175058
3.148082
0.415924
0.230645
0.175619
0.120722
0.014676
0.017527
0.014383
0.000897
0.018923
0.029649
0.035021
0.040301
0.045837
4.310240
4.982773
5.738225
6.061923
6.308715
6.723151
7.029799
7.376319
7.661980
7.806309
7.972590
8.123045
8.281684
8.256602
8.221316
8.168355
8.067676
7.844096
7.585217
7.164865
0.019138
0.017156
0.016232
0.015366
0.014246
0.011185
0.008510
0.007032
0.006557
0.006149
0.006109
0.000425
0.000448
0.000757
0.002142
5.963660
5.695234
5.475659
5.500712
0.037735
0.036817
0.037871
0.028431
0.023343
0.018679
0.001802
0.000793
0.000752
0.000554
0.000844
0.003277
0.004152
5.569241
5.572287
6.023503
6.556654
0.125523
6.894813
7.434689
7.938929
8.424039
8.693623
8.710692
8.780738
8.819672
8.828893
8.855727
8.814161
8.762152
8.687222
8.503470
7.986794
7.462383
1.346798
1.211720
1.006657
0.899657
0.654066
0.594385
0.023105
0.019815
0.032622
0.033379
0.036907
0.028762
0.029313
0.030452
0.031706
0.072943
0.075682
4.691001
5.153563
0.125934
6.365845
7.326262
8.206455
8.558125
8.978311
9.092653
9.335471
9.489749
9.581848
9.522254
9.444413
9.427222
9.422500
0.032354
0.031826
0.032950
0.034112
9.054127
8.967233
8.896854
8.821843
8.464607
7.997361
7.349819
6.185395
5.161499
3.003835
2.850286
3.545738
2.687861
0.034933
0.005320
0.003153
0.003209
0.001943
0.002060
2.479000
0.222325
4.405280
5.153932
5.846473
6.623801
6.961703
7.570593
7.949783
8.035432
8.000254
7.937603
7.264482
6.315246
5.970874
5.488558
0.062900
0.123732
0.125491
0.126564
0.126042
0.133910
0.148706
5.740483
5.718611
5.685527
0.006642
0.010734
6.516954
6.511005
6.526866
6.582375
6.455212
0.097635
0.101376
0.039492
0.033524
0.029902
0.017306
0.009320
0.006066
0.003832
0.003762
0.004570
0.008132
0.029196
0.000118
0.000170
0.000865
0.003501
0.014164
0.021637
7.042203
7.393817
7.813199
8.168326
8.218873
8.288945
8.268582
8.169210
8.098309
7.999526
7.949842
7.780320
7.555016
7.218109
6.999110
6.799042
6.380926
6.056181
5.744794
5.358063
5.043286
4.652568
4.130597
3.745243
2.311659
2.126675
1.036289
0.932714
1.124212
1.048155
0.006799
0.004543
0.003576
0.003063
0.002603
0.002693
0.003640
0.006753
1.883257
1.206564
2.385793
0.002350
0.002172
0.002143
0.002173
0.002167
0.002122
0.002115
0.002115
0.002049
0.001585
0.001177
0.000710
0.000531
0.002059
0.002148
0.002248
0.002326
0.002210
0.002154
0.002157
0.002174
0.002229
0.002302
0.002238
0.002181
0.002163
0.002175
0.002174
0.002143
0.002152
0.002165
0.002174
0.002207
0.002213
0.002670
0.002143
0.002192
0.002321
0.002295
0.002260
0.002436
0.002461
0.002770
0.003628
0.007196
0.015295
2.978616
4.428832
5.179856
5.335984
5.775076
5.853404
5.990512
6.112531
6.137965
6.133592
6.131132
6.138740
6.177840
6.118098
6.063744
5.688534
5.195954
4.883733
2.473696
3.044656
3.068255
0.129464
0.130099
2.695418
0.019261
0.001979
0.001703
0.002186
0.003716
0.034120
0.036553
5.286718
5.727506
5.881818
6.002631
6.175297
6.222949
6.320899
6.296358
6.155570
5.917216
5.308974
4.650205
4.418487
4.094384
3.704440
3.290107
2.977054
2.748354
2.553359
2.259142
1.323099
0.743035
0.611680
0.482716
0.757168
0.645640
0.550115
0.239494
0.039528
0.034714
0.031401
0.028979
0.026420
0.025465
0.024628
0.004225
0.001035
0.000655
0.000416
0.000400
0.000385
0.000406
0.000056
0.000062
0.000066
0.000072
0.000006
0.000003
0.000003
0.000002
0.000004
0.000005
0.000010
0.000012
0.000006
0.000004
0.000004
0.000012
0.000032
0.000054
0.000076
0.000091
0.000153
0.000000
0.000000
0.000000
0.000000
0.000021
0.000030
0.000034
0.000035
0.000029
0.000023
0.000000
0.000000
0.000000
0.000000
0.000000
0.000000
0.000000
0.000000
0.000000
0.000000
0.000000
0.000000
0.000000
0.000000
0.000000
0.000000
0.000000
0.000000
0.000000
0.000000
0.000000
0.000000
0.000000
0.000000
0.000000
0.000000
0.000000
0.000000
0.000000
0.000000
0.000000
0.000000
0.000000
0.000000
0.000000
0.000011
0.000012
0.000088
0.000401
0.000553
0.000575
0.000586
0.000602
0.000603
0.000604
0.000604
0.000604
0.000604
0.000604
0.000604
0.000604
0.000603
0.000603
0.000601
0.000600
0.000600
0.000603
0.000604
0.000604
0.000604
0.000604
0.000604
0.000604
0.000604
0.000604
0.000604
0.000604
0.000604
0.000604
0.000604
0.000604
0.000604
0.000604
0.000604
0.000604
0.000604
0.000604
0.000604
0.000604
0.000604
0.000604
0.000604
0.000604
0.000604
0.000604
0.000604
0.000604
0.000604
0.000604
0.000604
0.000604
0.000604
0.000604
0.000604
0.000604
0.000604
0.000604
0.000604
0.000604
0.000604
0.000604
0.000604
0.000604
0.000604
0.000604
0.000604
0.000604
0.000604
0.000604
0.000604
0.000604
0.000604
0.000604
0.000604
0.000604
0.000604
0.000604
0.000604
0.000604
0.000604
0.000604
0.000604
0.000604
0.000604
0.000604
0.000604
0.000604
0.000604
0.000604
0.000604
0.000604
0.000604
0.000604
0.000604
0.000604
0.000604
0.000604
0.000604
0.000604
0.000604
0.000604
0.000604
0.000604
0.000604
0.000604
0.000604
0.000604
0.000604
0.000604
0.000604
0.000604
0.000604
0.000604
0.000604
0.000604
0.000604
0.000604
0.000604
0.000604
0.000604
0.000604
0.000604
0.000604
0.000604
0.000604
0.000604
0.000604
0.000604
0.000604
0.000604
0.000604
0.000604
0.000604
0.000604
0.000604
0.000604
0.000604
0.000604
0.000604
0.000604
0.000604
0.000604
0.000604
0.000604
0.000604
0.000604
0.000604
0.000604
0.000604
0.000604
0.000604
0.000604
0.000604
0.000604
0.000604
0.000604
0.000604
0.000604
0.000604
0.000604
0.000604
0.000604
0.000604
0.000604
0.000604
0.000604
0.000604
0.000604
0.000604
0.000604
0.000604
0.000604
0.000604
0.000604
0.000604
0.000604
0.000604
0.000604
0.000604
0.000604
0.000604
0.000604
0.000604
0.000604
0.000604
0.000604
0.000604
0.000604
0.000604
0.000604
0.000604
0.000604
0.000604
0.000604
0.000604
0.000604
0.000604
0.000604
0.000604
0.000604
0.000604
0.000604
0.000604
0.000604
0.000604
0.000604
0.000604
0.000604
0.000604
0.000604
0.000604
0.000604
0.000604
0.000604
0.000604
0.000604
0.000604
0.000604
0.000604
0.000604
0.000604
0.000604
0.000604
0.000604
0.000604
0.000604
0.000604
0.000604
0.000604
0.000604
0.000604
0.000604
0.000604
0.000604
0.000604
0.000604
0.000604
0.000604
0.000604
0.000604
0.000604
0.000604
0.000604
0.000604
0.000604
0.000604
0.000604
0.000604
0.000604
0.000604
0.000604
0.000604
0.000604
0.000604
0.000604
0.000604
0.000604
0.000604
0.000604
0.000604
0.000604
0.000604
0.000604
0.000604
0.000604
0.000604
0.000604
0.000604
0.000604
0.000604
0.000604
0.000604
0.000604
0.000604
0.000604
0.000604
0.000604
0.000604
0.000604
0.000604
0.000604
0.000604
0.000604
0.000604
0.000604
0.000604
0.000604
0.000604
0.000604
0.000604
0.000604
0.000604
0.000604
0.000604
0.000604
0.000604
0.000604
0.000604
0.000604
0.000604
0.000604
0.000604
0.000604
0.000604
0.000604
0.000604
0.000604
0.000604
0.000604
0.000604
0.000604
0.000604
0.000604
0.000604
0.000604
0.000604
0.000604
0.000604
0.000604
0.000604
0.000603
0.000602
0.000589
0.000573
0.000563
0.000487
0.000245
0.000236
0.000400
0.000575
0.000582
0.000563
0.000527
0.000445
0.000569
0.000586
0.000596
0.000602
0.000603
0.000604
0.000604
0.000604
0.000604
0.000604
0.000604
0.000604
0.000604
0.000604
0.000604
0.000604
0.000604
0.000604
0.000604
0.000604
0.000604
0.000604
0.000604
0.000604
0.000604
0.000604
0.000604
0.000604
0.000604
0.000604
0.000604
0.000604
0.000604
0.000604
0.000604
0.000604
0.000604
0.000604
0.000604
0.000604
0.000604
0.000604
0.000604
0.000604
0.000604
0.000604
0.000604
0.000604
0.000604
0.000604
0.000604
0.000604
0.000604
0.000604
0.000604
0.000604
0.000604
0.000604
0.000604
0.000604
0.000604
0.000604
0.000604
0.000604
0.000604
0.000604
0.000604
0.000604
0.000604
0.000604
0.000604
0.000604
0.000604
0.000604
0.000604
0.000604
0.000604
0.000604
0.000604
0.000604
0.000604
0.000604
0.000604
0.000604
0.000604
0.000604
0.000604
0.000604
0.000604
0.000604
0.000604
0.000604
0.000604
0.000604
0.000604
0.000604
0.000604
0.000604
0.000604
0.000604
0.000604
0.000604
0.000604
0.000604
0.000604
0.000604
0.000604
0.000604
0.000604
0.000604
0.000604
0.000604
0.000604
0.000604
0.000604
0.000604
0.000604
0.000604
0.000604
0.000604
0.000604
0.000604
0.000604
0.000604
0.000604
0.000604
0.000604
0.000604
0.000604
0.000604
0.000604
0.000604
0.000604
0.000604
0.000604
0.000604
0.000604
0.000604
0.000604
0.000604
0.000604
0.000604
0.000604
0.000604
0.000604
0.000604
0.000604
0.000604
0.000604
0.000604
0.000604
0.000604
0.000604
0.000604
0.000603
0.000589
0.000552
0.000000
