2.728173
0.341643
0.208622
0.176183
0.002861
0.002660
0.001609
0.001334
0.001115
0.127292
0.140521
0.151551
0.166304
0.216111
0.215128
0.216364
0.217151
0.234103
0.178327
0.175602
0.142630
0.103116
0.102048
0.097035
0.144680
0.178328
0.190415
0.213854
0.293734
0.270504
0.281306
0.280962
0.286675
0.294495
0.353453
0.496329
1.134862
1.332465
1.303665
2.035009
2.297653
2.701523
2.957920
3.040170
3.071841
3.035353
2.858065
2.784026
2.728702
2.763495
0.001139
0.001003
0.001093
0.001136
0.001134
0.000472
0.000416
0.000350
0.000318
0.000029
0.000135
0.000131
0.000105
0.000181
0.000218
0.000065
0.000070
0.000096
0.000082
0.000346
0.000603
0.000724
0.000141
0.000086
0.000070
0.000051
0.000126
0.000141
0.000153
0.001825
0.001959
0.000074
0.000093
0.000111
0.000136
0.000122
0.000217
0.000247
0.000450
0.000287
0.000431
0.000661
0.001297
0.005852
0.012932
0.019926
0.024319
0.030436
0.033660
0.033618
0.033229
0.033611
0.032593
0.031913
0.029169
0.029275
0.027071
0.022917
0.021968
0.020873
0.020133
0.021316
0.022264
0.022262
0.023697
0.025700
0.030625
1.351467
1.379680
1.423765
1.433222
3.417077
3.426693
3.139065
3.106757
3.061628
2.909048
2.821613
2.689081
0.047105
0.047202
2.092590
1.960281
1.789311
1.121439
0.086932
0.089944
0.158105
0.153707
0.154093
0.146420
0.135765
0.131373
0.126543
0.117454
0.005455
0.058508
0.062691
0.066766
0.070790
0.088639
0.098075
0.100969
0.104703
0.105847
0.106740
0.108564
0.111951
0.118568
0.123269
0.125654
0.152001
0.148270
0.152791
0.209582
0.217753
0.222774
0.227812
0.226068
0.234070
0.243409
0.253683
0.258489
0.269010
0.282600
0.233671
0.240801
0.256946
0.169666
1.325275
1.476531
1.679159
2.199927
2.523746
2.848150
2.739245
2.811723
2.406015
2.383315
2.345143
2.094346
1.832673
1.614680
1.336543
1.038028
0.302964
0.299702
0.183718
0.158984
0.120682
0.092888
0.150975
0.002080
0.004132
0.004179
0.025494
0.060314
0.061983
0.067186
0.066563
0.058983
0.060375
0.099224
0.105589
0.104930
0.103288
0.103150
0.098352
0.031759
0.030543
0.003217
0.004406
1.428874
1.648479
2.192884
2.827928
0.004681
0.009371
3.729248
4.282175
4.757821
0.046650
0.051613
5.709591
6.600382
7.733283
7.962975
8.227452
8.588409
8.967669
9.310430
9.408737
9.547939
9.670843
9.860060
9.903868
9.952928
9.968290
9.983068
9.995812
9.998493
9.997627
9.997182
9.996923
9.996774
9.993690
9.991533
9.992786
9.996150
9.997036
9.991615
9.977820
9.932233
9.692024
9.130563
8.406360
0.376197
6.695093
6.504015
6.039806
0.137297
0.124163
0.103902
0.097552
0.058477
0.065784
0.055947
0.003564
0.080829
0.119842
0.137667
0.158841
0.173950
8.086408
9.028405
9.787629
9.932352
9.954623
9.943208
9.926573
9.929773
9.970250
9.976544
9.985336
9.995393
9.998085
9.997319
9.993034
9.980844
9.939105
9.814774
9.652708
9.105122
7.294374
7.085168
6.933263
7.451869
7.875415
8.257388
8.615418
8.552446
0.315480
8.559411
9.203729
9.504591
9.686194
9.807514
9.851505
9.879454
9.898353
9.904569
9.930356
9.928678
9.921807
9.900249
9.813568
9.487650
9.315160
0.027239
0.018209
0.014392
0.013400
0.011064
0.010003
0.009435
0.010005
9.048348
9.009586
0.299707
9.635017
9.931101
9.956145
9.974887
9.998245
9.999650
9.999070
9.999024
9.999281
9.997926
9.993733
9.993335
9.996295
9.994934
9.988800
9.984230
9.949406
9.769905
9.092152
8.359055
6.886341
5.911553
5.048895
3.782450
3.237237
2.590835
2.435744
0.494114
5.311002
6.312460
7.379451
8.262248
8.310298
8.411039
8.434798
8.444754
8.455144
8.451333
8.369734
7.443529
7.434190
7.432589
7.435720
7.434263
7.430171
7.416154
7.402908
7.393121
7.394294
7.392893
7.394269
7.394460
7.396378
7.402870
7.404672
7.403430
7.329629
7.296347
7.271482
7.392049
7.433498
7.350192
7.285496
7.145472
7.063482
6.983874
6.734018
6.528836
6.342002
6.102757
5.802228
5.366626
4.825442
4.490955
4.010627
3.521123
2.302640
2.275771
2.081202
1.878873
0.005392
0.002612
0.000968
0.000234
0.000217
0.000199
0.000192
0.000058
0.000075
0.000091
0.000100
0.000224
0.000083
0.000035
0.000040
0.000053
0.000051
0.000036
0.000042
0.000126
0.000082
0.000077
0.000071
0.000647
0.000684
0.000499
0.000391
0.000219
0.000305
0.000171
0.000405
0.000379
0.000336
0.000084
0.000076
0.000209
0.000134
0.000092
0.000054
0.000292
0.000114
0.000157
0.000125
0.000073
0.000104
0.000159
0.000436
0.000163
0.000238
0.000287
0.000369
0.001113
0.002074
0.003262
2.356227
0.998500
3.373231
3.997908
4.916842
5.697932
6.381647
6.559700
6.650931
6.778544
6.911398
6.909060
6.917800
6.900930
6.879340
6.812819
6.733600
6.676000
6.215234
5.703940
5.395907
2.491846
4.573335
5.157747
0.177719
0.186431
6.352122
6.782201
7.522330
7.572974
7.626249
7.660816
7.669124
7.666082
7.630744
7.581205
7.530669
7.198243
6.661459
6.257614
5.977466
5.637702
5.145272
4.703158
4.367758
4.041812
3.524336
1.472649
0.434484
0.392463
0.292701
1.034820
0.879015
0.828465
0.298746
0.000257
0.000097
0.000037
0.000011
0.000008
0.000005
0.000002
0.000002
0.000002
0.000001
0.000002
0.000002
0.000000
0.000000
0.000001
0.000001
0.000001
0.000002
0.000001
0.000001
0.000001
0.000001
0.000000
0.000000
0.000003
0.000001
0.000001
0.000000
0.000000
0.000001
0.000001
0.000001
0.000001
0.000000
0.000000
0.000001
0.000001
0.000003
0.000004
0.000191
0.000248
0.000276
0.000284
0.000238
0.000182
0.000001
0.000001
0.000000
0.000000
0.000000
0.000000
0.000000
0.000000
0.000000
0.000000
0.000000
0.000000
0.000000
0.000000
0.000000
0.000000
0.000000
0.000000
0.000000
0.000001
0.000001
0.000000
0.000000
0.000000
0.000000
0.000000
0.000000
0.000000
0.000000
0.000000
0.000000
0.000001
0.000001
0.000001
0.000003
0.000090
0.000093
0.000703
0.003208
0.004428
0.004603
0.004694
0.004815
0.004829
0.004835
0.004836
0.004835
0.004832
0.004832
0.004832
0.004831
0.004828
0.004826
0.004811
0.004803
0.004805
0.004828
0.004835
0.004836
0.004836
0.004836
0.004835
0.004835
0.004835
0.004836
0.004836
0.004836
0.004836
0.004836
0.004836
0.004836
0.004835
0.004835
0.004836
0.004836
0.004836
0.004836
0.004836
0.004836
0.004836
0.004836
0.004836
0.004836
0.004836
0.004836
0.004836
0.004836
0.004836
0.004836
0.004836
0.004836
0.004836
0.004836
0.004836
0.004836
0.004836
0.004836
0.004836
0.004836
0.004836
0.004835
0.004835
0.004836
0.004836
0.004836
0.004836
0.004836
0.004836
0.004836
0.004836
0.004836
0.004836
0.004836
0.004836
0.004836
0.004836
0.004836
0.004836
0.004835
0.004835
0.004836
0.004836
0.004836
0.004836
0.004836
0.004836
0.004836
0.004836
0.004836
0.004836
0.004836
0.004835
0.004835
0.004836
0.004836
0.004836
0.004836
0.004836
0.004836
0.004836
0.004836
0.004836
0.004836
0.004836
0.004836
0.004836
0.004836
0.004836
0.004836
0.004836
0.004836
0.004836
0.004835
0.004835
0.004835
0.004835
0.004836
0.004836
0.004836
0.004836
0.004835
0.004835
0.004836
0.004836
0.004836
0.004836
0.004835
0.004835
0.004836
0.004836
0.004836
0.004836
0.004836
0.004836
0.004836
0.004836
0.004836
0.004836
0.004836
0.004836
0.004836
0.004836
0.004836
0.004836
0.004836
0.004836
0.004836
0.004836
0.004836
0.004836
0.004836
0.004836
0.004836
0.004836
0.004836
0.004836
0.004836
0.004836
0.004836
0.004836
0.004836
0.004835
0.004835
0.004835
0.004836
0.004836
0.004836
0.004836
0.004836
0.004836
0.004836
0.004836
0.004836
0.004836
0.004836
0.004836
0.004836
0.004835
0.004835
0.004835
0.004835
0.004835
0.004835
0.004836
0.004835
0.004835
0.004835
0.004836
0.004835
0.004835
0.004836
0.004836
0.004836
0.004836
0.004836
0.004836
0.004836
0.004836
0.004836
0.004836
0.004836
0.004836
0.004836
0.004836
0.004836
0.004836
0.004836
0.004836
0.004836
0.004836
0.004836
0.004836
0.004836
0.004836
0.004836
0.004836
0.004836
0.004836
0.004836
0.004836
0.004836
0.004836
0.004836
0.004836
0.004836
0.004836
0.004836
0.004836
0.004836
0.004836
0.004836
0.004836
0.004836
0.004836
0.004836
0.004836
0.004836
0.004836
0.004836
0.004836
0.004836
0.004836
0.004836
0.004836
0.004836
0.004836
0.004836
0.004836
0.004836
0.004836
0.004835
0.004835
0.004835
0.004836
0.004836
0.004836
0.004836
0.004836
0.004836
0.004836
0.004836
0.004836
0.004836
0.004836
0.004836
0.004836
0.004836
0.004836
0.004836
0.004836
0.004836
0.004836
0.004836
0.004836
0.004836
0.004836
0.004836
0.004836
0.004836
0.004836
0.004835
0.004835
0.004836
0.004836
0.004836
0.004836
0.004836
0.004836
0.004836
0.004836
0.004836
0.004836
0.004835
0.004834
0.004834
0.004835
0.004836
0.004836
0.004836
0.004835
0.004835
0.004834
0.004834
0.004834
0.004835
0.004836
0.004836
0.004836
0.004836
0.004836
0.004836
0.004836
0.004836
0.004836
0.004836
0.004836
0.004836
0.004836
0.004836
0.004835
0.004829
0.004819
0.004714
0.004588
0.004510
0.003902
0.001960
0.001891
0.003205
0.004604
0.004656
0.004507
0.004215
0.003563
0.004554
0.004693
0.004774
0.004821
0.004827
0.004833
0.004835
0.004836
0.004836
0.004836
0.004836
0.004836
0.004835
0.004835
0.004836
0.004836
0.004836
0.004836
0.004836
0.004836
0.004836
0.004836
0.004836
0.004836
0.004836
0.004836
0.004836
0.004836
0.004836
0.004836
0.004836
0.004836
0.004836
0.004836
0.004836
0.004836
0.004836
0.004836
0.004836
0.004836
0.004836
0.004836
0.004836
0.004836
0.004836
0.004836
0.004836
0.004836
0.004836
0.004836
0.004836
0.004836
0.004836
0.004836
0.004836
0.004836
0.004836
0.004836
0.004836
0.004836
0.004836
0.004836
0.004836
0.004836
0.004836
0.004836
0.004836
0.004836
0.004836
0.004836
0.004836
0.004836
0.004836
0.004836
0.004836
0.004836
0.004836
0.004836
0.004836
0.004836
0.004836
0.004836
0.004836
0.004836
0.004835
0.004835
0.004836
0.004836
0.004836
0.004836
0.004836
0.004836
0.004836
0.004836
0.004836
0.004835
0.004835
0.004834
0.004835
0.004836
0.004836
0.004835
0.004834
0.004835
0.004835
0.004835
0.004835
0.004835
0.004836
0.004836
0.004836
0.004836
0.004836
0.004836
0.004836
0.004836
0.004836
0.004836
0.004836
0.004836
0.004836
0.004836
0.004836
0.004836
0.004836
0.004836
0.004836
0.004836
0.004836
0.004836
0.004836
0.004836
0.004836
0.004836
0.004836
0.004836
0.004836
0.004836
0.004836
0.004836
0.004836
0.004836
0.004836
0.004836
0.004836
0.004836
0.004836
0.004836
0.004836
0.004835
0.004835
0.004835
0.004836
0.004834
0.004823
0.004715
0.004420
0.000000
