0.000614
0.000057
0.000053
0.000051
0.000034
0.000001
0.000000
0.000000
0.000000
0.000001
0.000001
0.000000
0.000000
0.000000
0.000001
0.000001
0.000002
0.000003
0.000005
0.000010
0.000022
0.000102
0.000002
0.000099
0.000072
0.001312
0.001638
0.002683
0.003264
0.003704
0.003818
0.003879
0.004000
0.007256
0.008133
0.008575
0.009869
0.010351
0.010930
0.015250
0.016668
0.019694
0.022613
0.048073
2.431364
1.771286
1.653551
1.558563
1.062307
1.030059
0.969715
0.937942
0.919745
0.904241
0.904927
0.887326
0.016576
0.015564
0.016087
0.018048
0.018508
0.017056
0.015679
0.013690
0.016134
0.020809
0.016142
0.016798
0.013922
0.012521
0.013298
0.013913
0.035870
0.043728
0.048301
0.068451
0.077499
0.077302
0.082378
0.090040
0.131293
0.146637
0.155469
0.349401
0.392616
0.433452
0.373403
0.531464
0.585705
0.598710
0.609099
0.625800
0.641283
0.686298
0.716886
0.774626
0.801571
0.792980
0.808651
0.811458
0.760602
0.766171
0.001958
0.002013
0.002062
0.002075
0.002094
0.002111
0.002228
0.002037
0.001526
0.001246
0.000849
0.000426
0.000234
0.000096
0.000061
0.000052
0.000043
0.000038
0.000005
0.000006
0.000003
0.000006
0.000004
0.000002
0.000001
0.000001
0.000001
0.000003
0.000004
0.000007
0.000016
0.000012
0.000005
0.000050
0.000072
0.000280
0.000612
0.000991
0.001136
0.001445
0.001571
0.001582
0.001588
0.001629
0.001552
0.001470
0.001359
0.001362
0.001258
0.001060
0.001018
0.000984
0.000948
0.000963
0.001042
0.001051
0.001146
0.001290
0.001547
0.002052
0.002193
0.002164
0.002153
0.002229
0.002212
0.002262
0.002377
0.782035
0.760430
0.752076
0.731752
0.000670
0.000651
0.700757
0.654892
0.599454
0.497983
0.045600
0.026512
0.044131
0.046780
0.047292
0.049455
0.047290
0.043307
0.028937
0.025650
0.005345
0.290466
0.288716
0.291348
0.286528
0.288683
0.281366
0.162037
0.154902
0.138673
0.157242
0.166471
0.170917
0.172086
0.166092
0.159995
0.146353
0.131214
0.106914
0.103909
0.081071
0.000756
0.087151
0.087272
0.085907
0.079117
0.076770
0.075416
0.072826
0.068978
0.065622
0.048210
0.041338
0.037026
0.035302
0.023798
0.020680
0.314410
0.383076
0.462003
0.576146
0.683977
0.717448
0.769667
0.766171
0.760520
0.743999
1.422131
1.056704
0.943557
0.845090
0.803341
0.661191
0.629084
0.031442
0.024314
0.020635
0.022536
0.025750
0.046195
0.081351
0.080164
0.100481
0.110832
0.776120
0.966924
1.064704
1.196430
1.559807
1.800041
2.270531
0.014567
3.104369
3.666638
4.321535
0.000704
0.001339
0.002109
0.002684
5.064003
5.911440
6.622630
6.863695
7.090747
7.375052
7.669180
7.974335
8.066626
8.231393
8.343040
8.474298
8.494980
8.522282
8.565713
8.589011
8.610472
8.607925
8.529706
8.442446
8.242133
8.032709
7.699570
7.448517
7.224227
6.851868
6.632942
6.461067
6.217497
5.930006
5.644612
5.167179
4.799614
0.110660
0.022901
3.250853
2.659125
2.135181
0.133485
0.009459
0.009296
0.008683
0.004679
0.005682
0.004489
0.000309
0.009769
0.159260
0.231937
0.622072
0.735633
4.225411
4.776667
5.346837
5.603178
5.833843
6.253639
6.571322
6.950645
7.364504
7.604236
7.825333
8.094503
8.285433
8.280869
8.259502
8.254668
8.181605
7.933044
7.686094
0.071128
0.000799
0.000517
0.000285
0.000115
0.000065
0.000061
0.000044
0.000055
0.000075
0.000093
0.000133
0.000202
0.000637
0.001525
7.555952
7.042347
6.840202
6.678380
0.001754
0.000536
0.000505
0.000524
0.000689
0.000179
0.000111
0.000204
0.000295
0.000362
0.000249
0.002844
0.002676
0.004707
6.644015
0.018329
0.016128
0.017560
0.008719
0.008982
0.010404
6.576777
6.597459
6.697575
6.575851
0.209065
6.891528
7.266058
7.636611
7.958527
0.000177
0.000117
0.000124
0.000167
0.000350
0.000452
0.000573
0.001170
0.001664
0.002370
8.443418
8.456793
8.508304
8.541750
8.548865
8.577692
8.513246
8.448319
8.379279
8.239993
7.724531
7.188890
5.555436
4.901105
1.694768
1.436982
1.365820
1.375503
0.005447
0.002862
0.001650
0.001636
0.001090
0.001374
0.002005
0.000499
0.006627
0.007254
0.008718
1.264985
1.298117
0.079146
0.086897
6.023556
6.711488
7.426718
7.704618
8.103905
8.240406
8.455682
8.606481
8.692098
8.604716
8.543882
8.556643
8.554132
0.018487
0.020330
0.022737
0.024734
8.419302
8.322783
8.244995
8.167291
7.809057
7.415985
6.968839
6.204080
5.685329
5.169287
4.648934
4.314010
0.007179
0.003550
0.002508
0.002571
0.001157
0.001135
0.001520
1.653945
1.816140
1.691112
0.010157
1.473652
4.824505
4.895600
5.501136
6.800426
7.543768
7.987370
8.062532
8.013044
7.994080
6.899936
6.324316
5.807519
0.061159
0.955883
0.944629
0.863444
0.875606
0.985654
0.002306
0.001857
0.001716
0.001194
0.001634
0.002958
1.042856
5.543503
6.379426
6.496786
6.559002
0.025314
0.043273
0.084935
7.110774
7.243039
7.346138
7.495698
7.569192
0.032971
0.035267
0.000247
0.000225
0.000465
0.000305
0.000246
0.000291
0.000345
0.001048
0.001670
0.004521
0.020406
7.889915
8.140813
8.420385
8.674192
8.698362
8.734377
8.719872
8.621673
8.540591
0.029202
0.025129
0.022148
0.022026
0.022135
8.325607
8.233849
8.054014
7.857300
7.600961
7.408047
7.285575
6.981345
6.745302
6.507319
6.074239
5.782486
5.470606
5.134493
4.708088
4.209484
3.988208
0.678906
0.630713
0.592783
0.021141
0.001325
0.000797
0.000740
0.000695
0.000603
0.000647
0.000590
0.000748
0.000813
0.000600
0.000623
0.000593
0.000768
0.000639
0.000609
0.000595
0.000579
0.000588
0.000579
0.000597
0.000447
0.000324
0.000371
0.000240
0.000647
0.000640
0.000658
0.000674
0.000727
0.000611
0.000643
0.000684
0.000644
0.000608
0.000607
0.000610
0.000583
0.000564
0.000657
0.000618
0.000635
0.000638
0.000840
0.000605
0.000597
0.000751
0.000679
0.000656
0.000659
0.000723
0.000775
0.000893
0.001483
0.002114
3.376557
3.592217
4.386325
4.807181
5.738563
6.496754
6.640354
0.000018
0.000005
0.000004
0.000005
0.000020
0.000012
0.000014
0.000009
0.000003
0.000001
0.000001
0.000002
0.000000
0.001064
0.000801
0.000407
0.000238
0.000208
0.000135
0.000118
0.000196
0.001019
0.001153
0.001948
0.004745
6.950804
6.981026
7.082764
7.205014
7.259916
7.257354
7.263209
7.240848
7.102985
7.102093
7.007478
6.618691
6.054637
5.714388
5.270679
0.003174
0.002875
0.001429
0.008187
0.007073
0.006761
0.006130
1.172045
5.231560
0.055187
0.061712
5.894106
6.157148
6.551881
6.728366
6.846674
7.005948
7.037913
7.096530
7.061727
6.916818
6.479515
5.835310
5.193091
4.977138
4.642365
4.241156
3.834360
3.510448
3.238969
2.969200
0.000654
0.000375
0.000289
0.000124
0.000095
0.000064
0.000038
0.000079
0.000074
0.000047
0.000016
0.000016
0.000016
0.000029
0.000029
0.000025
0.000018
0.000074
0.000062
0.000024
0.000016
0.000018
0.000017
0.000035
0.000044
0.000028
0.000071
0.000094
0.000044
0.000027
0.000073
0.000058
0.000059
0.000121
0.000040
0.000019
0.000057
0.000063
0.000049
0.000017
0.000033
0.000010
0.000007
0.000008
0.000014
0.000006
0.000008
0.000006
0.000003
0.000006
0.000074
0.000025
0.000022
0.000025
0.000013
0.000011
0.000011
0.000006
0.000021
0.000033
0.000056
0.000050
0.000008
0.000032
0.000029
0.000024
0.000016
0.000027
0.000013
0.000012
0.000004
2.481923
1.697879
1.020351
1.081773
0.300957
0.258885
0.170398
0.038612
0.023604
0.019114
0.018374
0.010890
0.010707
0.010576
0.010586
0.344278
0.280751
0.203211
0.148489
0.129525
0.066372
0.066366
0.059204
0.042735
0.038272
0.034951
0.031611
0.019908
0.019070
0.014933
0.011545
0.002369
0.002093
0.001914
0.002113
0.002849
0.004649
0.003462
0.002577
0.003714
0.004877
0.006436
0.009892
0.245257
0.000013
0.000019
0.000021
0.000022
0.000018
0.000014
0.000000
0.000000
0.000000
0.000000
0.000000
0.000000
0.000000
0.000000
0.000000
0.000000
0.000000
0.000000
0.000000
0.000000
0.000000
0.000000
0.000000
0.000000
0.000000
0.000000
0.000000
0.000000
0.000000
0.000000
0.000000
0.000000
0.000000
0.000000
0.000000
0.000000
0.000000
0.000000
0.000000
0.000000
0.000000
0.000007
0.000007
0.000055
0.000251
0.000346
0.000360
0.000367
0.000376
0.000378
0.000378
0.000378
0.000378
0.000378
0.000378
0.000378
0.000378
0.000377
0.000377
0.000376
0.000375
0.000376
0.000377
0.000378
0.000378
0.000378
0.000378
0.000378
0.000378
0.000378
0.000378
0.000378
0.000378
0.000378
0.000378
0.000378
0.000378
0.000378
0.000378
0.000378
0.000378
0.000378
0.000378
0.000378
0.000378
0.000378
0.000378
0.000378
0.000378
0.000378
0.000378
0.000378
0.000378
0.000378
0.000378
0.000378
0.000378
0.000378
0.000378
0.000378
0.000378
0.000378
0.000378
0.000378
0.000378
0.000378
0.000378
0.000378
0.000378
0.000378
0.000378
0.000378
0.000378
0.000378
0.000378
0.000378
0.000378
0.000378
0.000378
0.000378
0.000378
0.000378
0.000378
0.000378
0.000378
0.000378
0.000378
0.000378
0.000378
0.000378
0.000378
0.000378
0.000378
0.000378
0.000378
0.000378
0.000378
0.000378
0.000378
0.000378
0.000378
0.000378
0.000378
0.000378
0.000378
0.000378
0.000378
0.000378
0.000378
0.000378
0.000378
0.000378
0.000378
0.000378
0.000378
0.000378
0.000378
0.000378
0.000378
0.000378
0.000378
0.000378
0.000378
0.000378
0.000378
0.000378
0.000378
0.000378
0.000378
0.000378
0.000378
0.000378
0.000378
0.000378
0.000378
0.000378
0.000378
0.000378
0.000378
0.000378
0.000378
0.000378
0.000378
0.000378
0.000378
0.000378
0.000378
0.000378
0.000378
0.000378
0.000378
0.000378
0.000378
0.000378
0.000378
0.000378
0.000378
0.000378
0.000378
0.000378
0.000378
0.000378
0.000378
0.000378
0.000378
0.000378
0.000378
0.000378
0.000378
0.000378
0.000378
0.000378
0.000378
0.000378
0.000378
0.000378
0.000378
0.000378
0.000378
0.000378
0.000378
0.000378
0.000378
0.000378
0.000378
0.000378
0.000378
0.000378
0.000378
0.000378
0.000378
0.000378
0.000378
0.000378
0.000378
0.000378
0.000378
0.000378
0.000378
0.000378
0.000378
0.000378
0.000378
0.000378
0.000378
0.000378
0.000378
0.000378
0.000378
0.000378
0.000378
0.000378
0.000378
0.000378
0.000378
0.000378
0.000378
0.000378
0.000378
0.000378
0.000378
0.000378
0.000378
0.000378
0.000378
0.000378
0.000378
0.000378
0.000378
0.000378
0.000378
0.000378
0.000378
0.000378
0.000378
0.000378
0.000378
0.000378
0.000378
0.000378
0.000378
0.000378
0.000378
0.000378
0.000378
0.000378
0.000378
0.000378
0.000378
0.000378
0.000378
0.000378
0.000378
0.000378
0.000378
0.000378
0.000378
0.000378
0.000378
0.000378
0.000378
0.000378
0.000378
0.000378
0.000378
0.000378
0.000378
0.000378
0.000378
0.000378
0.000378
0.000378
0.000378
0.000378
0.000378
0.000378
0.000378
0.000378
0.000378
0.000378
0.000378
0.000378
0.000378
0.000378
0.000378
0.000378
0.000378
0.000378
0.000378
0.000378
0.000378
0.000378
0.000378
0.000378
0.000378
0.000378
0.000378
0.000378
0.000378
0.000378
0.000378
0.000378
0.000378
0.000378
0.000378
0.000378
0.000378
0.000378
0.000378
0.000378
0.000378
0.000378
0.000378
0.000378
0.000378
0.000378
0.000378
0.000378
0.000378
0.000378
0.000378
0.000378
0.000378
0.000378
0.000378
0.000378
0.000378
0.000377
0.000369
0.000359
0.000353
0.000305
0.000153
0.000148
0.000251
0.000360
0.000364
0.000352
0.000330
0.000278
0.000356
0.000367
0.000373
0.000377
0.000377
0.000378
0.000378
0.000378
0.000378
0.000378
0.000378
0.000378
0.000378
0.000378
0.000378
0.000378
0.000378
0.000378
0.000378
0.000378
0.000378
0.000378
0.000378
0.000378
0.000378
0.000378
0.000378
0.000378
0.000378
0.000378
0.000378
0.000378
0.000378
0.000378
0.000378
0.000378
0.000378
0.000378
0.000378
0.000378
0.000378
0.000378
0.000378
0.000378
0.000378
0.000378
0.000378
0.000378
0.000378
0.000378
0.000378
0.000378
0.000378
0.000378
0.000378
0.000378
0.000378
0.000378
0.000378
0.000378
0.000378
0.000378
0.000378
0.000378
0.000378
0.000378
0.000378
0.000378
0.000378
0.000378
0.000378
0.000378
0.000378
0.000378
0.000378
0.000378
0.000378
0.000378
0.000378
0.000378
0.000378
0.000378
0.000378
0.000378
0.000378
0.000378
0.000378
0.000378
0.000378
0.000378
0.000378
0.000378
0.000378
0.000378
0.000378
0.000378
0.000378
0.000378
0.000378
0.000378
0.000378
0.000378
0.000378
0.000378
0.000378
0.000378
0.000378
0.000378
0.000378
0.000378
0.000378
0.000378
0.000378
0.000378
0.000378
0.000378
0.000378
0.000378
0.000378
0.000378
0.000378
0.000378
0.000378
0.000378
0.000378
0.000378
0.000378
0.000378
0.000378
0.000378
0.000378
0.000378
0.000378
0.000378
0.000378
0.000378
0.000378
0.000378
0.000378
0.000378
0.000378
0.000378
0.000378
0.000378
0.000378
0.000378
0.000378
0.000378
0.000378
0.000378
0.000378
0.000378
0.000378
0.000378
0.000377
0.000369
0.000345
0.000000
