0.388294
0.346451
0.263210
0.159119
0.123484
0.119308
0.116960
0.116756
0.078630
0.078217
0.071058
0.060587
0.051653
0.043222
0.029626
0.022672
0.011584
0.013477
0.013803
0.013674
0.012295
0.011476
0.013104
0.012938
0.344115
0.336520
0.106618
0.117891
0.113290
0.050413
0.048057
0.065751
0.095710
0.093053
0.124355
0.223869
0.243684
0.448702
0.498261
0.013469
0.696548
0.848836
0.959536
1.052587
1.091626
1.102024
1.079548
1.005260
0.420975
0.417415
0.446484
0.483451
0.018698
0.018430
0.018448
0.018308
0.016779
0.016404
0.016453
0.017079
0.016794
0.016908
0.017921
0.017867
0.017764
0.017816
1.570644
1.605878
0.000339
0.000401
0.000176
0.000102
0.000198
0.000209
0.000211
0.000289
0.001275
1.539331
1.704655
1.721636
1.602585
1.586911
0.000457
0.000513
0.000402
0.000037
0.000246
0.000385
0.000183
0.000171
0.000081
0.000490
0.000080
0.000111
0.001126
0.001401
0.002120
1.514319
1.550701
1.509416
1.436244
0.918700
0.849718
1.003225
0.843592
0.788436
0.734910
0.030933
0.031376
0.057608
0.055723
0.054831
0.052114
0.048188
0.046249
0.044309
0.041296
0.001613
0.020270
0.026578
0.028212
0.030640
0.037026
0.040427
0.041290
0.040361
0.039460
0.039821
0.039629
0.040897
0.193359
0.193688
0.194039
0.192106
0.157066
0.200770
0.202069
0.200427
0.205017
0.197179
0.166851
0.164836
0.160597
0.147845
0.118049
0.112200
0.107936
0.087394
0.077911
0.076827
0.037096
0.075690
0.187442
0.264682
0.550451
0.644159
0.793780
0.800177
0.819130
0.750183
0.748068
0.602017
0.535341
0.480085
0.340022
0.279899
0.644793
0.565004
0.620678
0.703828
0.750694
0.733813
0.728654
0.352770
0.384757
1.356452
1.525759
1.795635
2.241629
2.331280
2.731979
5.019114
5.700450
6.520641
6.761371
6.989459
7.278053
7.581746
7.913409
8.048914
8.239616
8.358914
8.506595
8.531664
8.559119
8.616224
8.639891
8.657127
8.655603
8.552149
8.449205
8.308412
8.201256
7.929367
7.721947
7.508461
7.201951
6.777821
6.620995
0.098614
0.092921
0.034277
6.260489
6.059582
5.788958
5.280659
4.881010
2.487550
2.654815
2.517615
0.034065
0.030210
0.025875
0.023273
0.017263
0.017293
0.012497
0.013108
0.019743
0.033302
0.046515
0.149061
1.370604
3.018700
4.771926
5.480984
5.671260
6.102425
6.570305
6.907256
7.269982
7.571955
7.719370
7.891131
8.033198
8.207699
8.175255
8.143946
8.092173
8.003607
7.789807
7.549849
6.459466
6.245757
5.926877
5.854700
5.614962
0.047674
0.016128
0.001046
0.000942
0.000453
0.003489
0.000712
0.000708
0.000742
0.000746
0.000359
0.000834
0.000910
0.000676
0.000203
0.000128
0.000161
0.000224
0.000086
0.000156
0.015017
0.004942
0.007617
0.009847
5.051087
5.216218
5.917975
6.184357
0.144772
6.780565
7.334380
7.851258
8.364832
8.623284
8.619826
8.681104
8.711136
8.717113
8.729931
8.680649
8.622027
8.555469
8.389122
7.811638
7.275669
1.549942
1.412542
1.183200
1.065017
0.622595
0.567016
0.226287
0.210973
4.573154
5.065584
5.639671
0.000460
0.000369
0.044679
0.045360
0.048526
0.049860
0.051334
0.059621
0.084128
7.237568
8.200597
8.513940
8.937672
9.067109
9.337730
9.510264
9.622306
9.603336
9.582632
9.593358
9.610905
9.559248
9.438062
9.343020
9.255748
8.856823
8.329611
7.674610
6.585744
5.462226
4.262142
3.596841
3.014827
0.019824
0.008878
0.005188
0.005300
0.002827
0.003083
2.202410
2.134942
0.268086
4.912312
5.807017
6.641248
7.593905
8.017296
8.796456
9.343428
9.446842
9.400964
9.324465
8.509619
7.371324
6.950807
6.354095
0.187698
0.179154
0.173224
0.167785
0.161526
0.018899
0.210335
6.857201
6.951246
7.007161
6.950678
0.146702
0.149364
6.916783
7.065863
7.182187
7.359501
7.345338
0.052416
0.050388
0.043910
0.038158
0.021948
0.012157
0.007459
0.004532
0.002486
0.001835
0.002414
0.005177
0.014525
0.000150
0.000253
0.001754
0.007475
0.019513
0.035536
7.998927
8.499522
8.922756
8.978353
9.057891
9.037977
8.933006
8.856257
8.737303
8.705785
8.527916
8.304594
8.003666
7.814473
7.662293
7.256780
6.943011
6.623047
6.158614
5.777753
5.285002
4.683952
4.214209
3.776684
3.195524
2.545330
2.350345
2.232543
2.225567
0.795339
0.768251
0.880645
0.005145
0.004844
0.003451
0.003195
0.003582
0.003774
0.004868
0.005130
0.007860
0.002948
0.002699
0.002744
0.002745
0.002756
0.002672
0.002679
0.002611
0.001995
0.001414
0.000874
0.000645
0.002572
0.002709
0.002686
0.002777
0.002838
0.002726
0.002954
0.002778
0.002756
0.002736
0.002857
0.002791
0.002725
0.002783
0.002783
0.002777
0.002708
0.002765
0.002689
0.002695
0.002708
0.002746
0.002711
0.002689
0.002813
0.002994
0.002754
0.002839
0.002963
0.003038
0.003677
0.005520
0.009850
0.017531
5.120861
6.074184
6.392174
6.725851
6.830799
6.981163
7.118701
7.150392
7.144744
7.147847
7.121352
6.992477
6.883049
6.762822
6.335329
5.824791
5.467943
1.152953
3.912954
4.139404
4.402694
0.001700
0.009855
0.006883
0.026380
0.002973
0.039615
0.041331
0.045060
0.195497
0.200351
5.658145
6.154521
6.299501
6.393140
6.570496
6.632837
6.764267
6.760205
6.625957
6.373994
5.764645
4.999401
4.741237
4.399767
3.992663
3.548942
3.174652
2.902826
2.673255
2.341112
1.269535
0.680946
0.532738
0.429363
0.756428
0.607046
0.490940
0.338473
0.055986
0.049302
0.044355
0.040847
0.037162
0.035827
0.034706
0.005595
0.001634
0.001084
0.000727
0.000703
0.000676
0.000708
0.000120
0.000132
0.000141
0.000154
0.000012
0.000006
0.000006
0.000005
0.000009
0.000010
0.000020
0.000023
0.000013
0.000008
0.000008
0.000024
0.000066
0.000112
0.000157
0.000188
0.000317
0.000000
0.000000
0.000001
0.000001
0.000043
0.000061
0.000069
0.000071
0.000059
0.000046
0.000000
0.000000
0.000000
0.000000
0.000000
0.000000
0.000000
0.000000
0.000000
0.000000
0.000000
0.000000
0.000000
0.000000
0.000000
0.000000
0.000000
0.000000
0.000000
0.000000
0.000000
0.000000
0.000000
0.000000
0.000000
0.000000
0.000000
0.000000
0.000000
0.000000
0.000000
0.000000
0.000000
0.000000
0.000001
0.000023
0.000024
0.000180
0.000820
0.001132
0.001177
0.001200
0.001231
0.001234
0.001236
0.001236
0.001236
0.001235
0.001235
0.001235
0.001235
0.001234
0.001234
0.001230
0.001228
0.001228
0.001234
0.001236
0.001236
0.001236
0.001236
0.001236
0.001236
0.001236
0.001236
0.001236
0.001236
0.001236
0.001236
0.001236
0.001236
0.001236
0.001236
0.001236
0.001236
0.001236
0.001236
0.001236
0.001236
0.001236
0.001236
0.001236
0.001236
0.001236
0.001236
0.001236
0.001236
0.001236
0.001236
0.001236
0.001236
0.001236
0.001236
0.001236
0.001236
0.001236
0.001236
0.001236
0.001236
0.001236
0.001236
0.001236
0.001236
0.001236
0.001236
0.001236
0.001236
0.001236
0.001236
0.001236
0.001236
0.001236
0.001236
0.001236
0.001236
0.001236
0.001236
0.001236
0.001236
0.001236
0.001236
0.001236
0.001236
0.001236
0.001236
0.001236
0.001236
0.001236
0.001236
0.001236
0.001236
0.001236
0.001236
0.001236
0.001236
0.001236
0.001236
0.001236
0.001236
0.001236
0.001236
0.001236
0.001236
0.001236
0.001236
0.001236
0.001236
0.001236
0.001236
0.001236
0.001236
0.001236
0.001236
0.001236
0.001236
0.001236
0.001236
0.001236
0.001236
0.001236
0.001236
0.001236
0.001236
0.001236
0.001236
0.001236
0.001236
0.001236
0.001236
0.001236
0.001236
0.001236
0.001236
0.001236
0.001236
0.001236
0.001236
0.001236
0.001236
0.001236
0.001236
0.001236
0.001236
0.001236
0.001236
0.001236
0.001236
0.001236
0.001236
0.001236
0.001236
0.001236
0.001236
0.001236
0.001236
0.001236
0.001236
0.001236
0.001236
0.001236
0.001236
0.001236
0.001236
0.001236
0.001236
0.001236
0.001236
0.001236
0.001236
0.001236
0.001236
0.001236
0.001236
0.001236
0.001236
0.001236
0.001236
0.001236
0.001236
0.001236
0.001236
0.001236
0.001236
0.001236
0.001236
0.001236
0.001236
0.001236
0.001236
0.001236
0.001236
0.001236
0.001236
0.001236
0.001236
0.001236
0.001236
0.001236
0.001236
0.001236
0.001236
0.001236
0.001236
0.001236
0.001236
0.001236
0.001236
0.001236
0.001236
0.001236
0.001236
0.001236
0.001236
0.001236
0.001236
0.001236
0.001236
0.001236
0.001236
0.001236
0.001236
0.001236
0.001236
0.001236
0.001236
0.001236
0.001236
0.001236
0.001236
0.001236
0.001236
0.001236
0.001236
0.001236
0.001236
0.001236
0.001236
0.001236
0.001236
0.001236
0.001236
0.001236
0.001236
0.001236
0.001236
0.001236
0.001236
0.001236
0.001236
0.001236
0.001236
0.001236
0.001236
0.001236
0.001236
0.001236
0.001236
0.001236
0.001236
0.001236
0.001236
0.001236
0.001236
0.001236
0.001236
0.001236
0.001236
0.001236
0.001236
0.001236
0.001236
0.001236
0.001236
0.001236
0.001236
0.001236
0.001236
0.001236
0.001236
0.001236
0.001236
0.001236
0.001236
0.001236
0.001236
0.001236
0.001236
0.001236
0.001236
0.001236
0.001236
0.001236
0.001236
0.001236
0.001236
0.001236
0.001236
0.001236
0.001236
0.001236
0.001236
0.001236
0.001236
0.001236
0.001236
0.001236
0.001236
0.001236
0.001236
0.001236
0.001236
0.001236
0.001236
0.001236
0.001236
0.001236
0.001236
0.001236
0.001236
0.001236
0.001234
0.001232
0.001205
0.001173
0.001153
0.000997
0.000501
0.000483
0.000819
0.001177
0.001190
0.001152
0.001078
0.000911
0.001164
0.001200
0.001220
0.001232
0.001234
0.001235
0.001236
0.001236
0.001236
0.001236
0.001236
0.001236
0.001236
0.001236
0.001236
0.001236
0.001236
0.001236
0.001236
0.001236
0.001236
0.001236
0.001236
0.001236
0.001236
0.001236
0.001236
0.001236
0.001236
0.001236
0.001236
0.001236
0.001236
0.001236
0.001236
0.001236
0.001236
0.001236
0.001236
0.001236
0.001236
0.001236
0.001236
0.001236
0.001236
0.001236
0.001236
0.001236
0.001236
0.001236
0.001236
0.001236
0.001236
0.001236
0.001236
0.001236
0.001236
0.001236
0.001236
0.001236
0.001236
0.001236
0.001236
0.001236
0.001236
0.001236
0.001236
0.001236
0.001236
0.001236
0.001236
0.001236
0.001236
0.001236
0.001236
0.001236
0.001236
0.001236
0.001236
0.001236
0.001236
0.001236
0.001236
0.001236
0.001236
0.001236
0.001236
0.001236
0.001236
0.001236
0.001236
0.001236
0.001236
0.001236
0.001236
0.001236
0.001236
0.001236
0.001236
0.001236
0.001236
0.001236
0.001236
0.001236
0.001236
0.001236
0.001236
0.001236
0.001236
0.001236
0.001236
0.001236
0.001236
0.001236
0.001236
0.001236
0.001236
0.001236
0.001236
0.001236
0.001236
0.001236
0.001236
0.001236
0.001236
0.001236
0.001236
0.001236
0.001236
0.001236
0.001236
0.001236
0.001236
0.001236
0.001236
0.001236
0.001236
0.001236
0.001236
0.001236
0.001236
0.001236
0.001236
0.001236
0.001236
0.001236
0.001236
0.001236
0.001236
0.001236
0.001236
0.001236
0.001236
0.001236
0.001233
0.001205
0.001130
0.000000
