0.000043
0.000027
0.000019
0.000370
0.000386
0.000452
0.001447
0.001749
0.002630
0.003079
0.003344
0.003361
0.003328
0.003390
0.004999
0.005620
0.005851
0.000010
0.000009
0.000011
0.000002
0.000002
0.000001
0.000003
0.000002
0.000008
0.000001
0.000001
0.000001
0.000002
0.000004
0.000003
0.000004
0.000009
0.000023
0.000111
0.007483
0.007838
0.008265
0.011634
0.012862
0.015380
0.017709
0.038451
2.108019
1.620166
1.468410
0.000000
0.000000
0.000000
0.000000
0.000000
0.000000
0.000000
0.000000
0.000000
0.000000
0.000000
0.000000
0.000000
0.000000
0.000000
0.000000
0.000000
0.000000
0.000000
0.000000
0.000000
0.000000
0.000000
0.000000
0.000000
0.000000
0.000000
0.000000
0.000000
0.000000
0.000000
0.000000
0.000000
0.000000
0.000000
0.000000
0.000000
0.000000
0.000000
0.000000
0.000000
0.000000
0.000000
0.000000
0.000000
0.000000
0.000000
0.000000
0.000000
0.000000
0.000000
0.000000
0.000000
0.000000
0.000000
0.000000
0.000000
0.000000
0.000000
0.000000
0.000000
0.000000
0.000000
0.000000
0.000000
0.000000
0.000000
0.000000
0.000000
0.000000
0.000000
0.000000
0.000000
0.000000
0.000000
0.000000
0.000000
0.000000
0.000000
0.000000
0.000000
0.000000
0.000000
0.000000
0.000000
0.000000
0.000000
0.000000
0.000000
0.000000
0.000000
0.000000
0.889498
0.843986
0.821240
0.774145
0.751704
0.739085
0.729853
0.720873
0.709446
0.004984
0.002787
0.002616
0.002965
0.002951
0.002520
0.002327
0.002263
0.001972
0.002010
0.002596
0.002381
0.002207
0.002190
0.002104
0.002090
0.001875
0.000467
0.000242
0.002335
0.001909
0.002217
0.002497
0.000484
0.000304
0.000163
0.000175
0.000183
0.000145
0.000132
0.000061
0.000046
0.000044
0.000033
0.000042
0.000035
0.000037
0.000173
0.000172
0.000068
0.000056
0.000049
0.000051
0.000063
0.000056
0.000059
0.000058
0.000059
0.000060
0.000086
0.000047
0.005576
0.005599
0.006288
0.007575
0.007765
0.007784
0.008029
0.008171
0.009841
0.014574
0.012649
0.012412
0.012562
0.009672
0.010740
0.011943
0.031118
0.040003
0.044890
0.049180
0.053292
0.053874
0.057208
0.096952
0.106478
0.112426
0.226362
0.279216
0.314827
0.348501
0.300817
0.429056
0.473643
0.485723
0.494837
0.509853
0.524833
0.564519
0.590720
0.651574
0.673569
0.668985
0.682618
0.686044
0.669162
0.672535
0.645911
0.627207
0.613422
0.593606
0.004026
0.003999
0.580420
0.544181
0.498722
0.401126
0.037624
0.022397
0.037396
0.039527
0.039312
0.042173
0.040442
0.037425
0.025604
0.023029
0.005420
0.237845
0.239121
0.242848
0.248869
0.237948
0.232535
0.147702
0.140768
0.135030
0.150953
0.149748
0.147491
0.145495
0.139256
0.133183
0.123678
0.119426
0.099335
0.000198
0.000061
0.000076
0.000067
0.000078
0.000053
0.000053
0.000043
0.000043
0.000052
0.000303
0.000311
0.000446
0.000823
0.059785
0.056911
0.058718
0.059410
0.060059
0.059938
0.060649
0.060326
0.059017
0.056499
0.054219
0.042471
0.037406
0.044209
0.044572
0.035981
0.034992
0.261752
0.317208
0.386533
0.469792
0.555203
0.574844
0.616431
0.622212
0.617145
0.604228
1.156133
0.904888
0.794652
0.640660
0.609034
0.546325
0.520123
0.029905
0.023857
0.019679
0.021880
0.025538
0.050913
0.078145
0.085104
0.094521
0.102791
0.629462
0.783277
0.834550
0.925074
1.275865
1.470480
1.757063
0.016665
2.623442
3.085713
3.626993
0.000520
0.001025
0.001618
0.002051
4.248312
4.956536
5.573697
5.806545
6.020357
6.288317
6.568468
6.860710
6.953247
7.116398
7.240713
7.388229
7.421415
7.463235
0.000000
0.000000
0.000000
0.000000
0.000000
0.000000
0.000000
0.000000
0.000000
0.000000
0.000000
0.000000
0.000000
0.000000
0.000000
7.521801
7.564431
7.589813
7.588219
7.521307
7.440003
7.260543
0.000000
0.000000
0.000000
0.000000
0.000000
0.000000
0.000000
0.000000
0.000000
0.000000
0.000000
0.000000
0.000000
0.000000
0.000000
0.000000
0.000000
0.000000
0.000000
0.000000
0.000000
0.000000
0.000000
0.000000
0.000000
0.000000
0.000000
0.000000
0.000000
0.000000
0.000000
0.000000
0.000000
0.000000
0.000000
0.000000
0.000000
0.000000
0.000000
0.000000
0.000000
0.000000
0.000000
0.000000
0.000000
0.000000
0.000000
0.000000
0.000000
0.000000
0.000000
0.000000
0.000000
0.000000
0.000000
0.000000
0.000000
0.000000
0.000000
0.000000
0.000000
0.000000
0.000000
0.000000
0.000000
0.000000
0.000000
0.000000
0.000000
0.000000
0.000000
0.000000
0.000000
0.000000
0.000000
0.000000
0.000000
0.000000
0.000000
0.000000
0.000000
0.000000
0.000000
0.000000
0.000000
0.000000
0.000000
0.000000
0.000000
0.000000
0.000000
0.000000
0.000000
0.000000
0.000000
0.000000
0.000000
0.000000
0.000000
0.000000
0.000000
7.069002
6.774893
6.542437
6.333805
6.020041
5.710087
5.432386
5.241662
5.028650
4.808861
4.422500
4.117488
0.114464
0.024838
2.520507
2.054544
1.665618
0.093640
0.025448
0.187259
0.215639
0.434876
0.515130
0.000517
0.004332
0.005035
0.007955
0.009838
0.011862
0.012762
3.726102
4.109804
0.056793
4.750474
4.914341
5.196357
0.000000
0.000000
0.000000
0.000000
0.000000
0.000000
0.000000
0.000000
0.000000
0.000000
0.000000
0.000000
0.000000
0.000000
0.000000
0.000000
0.000000
0.000000
0.000000
0.000000
0.000000
0.000000
0.000000
0.000000
0.000000
0.000000
0.000000
0.000000
0.000000
0.000000
0.000000
0.000000
0.000000
0.000000
0.000000
0.000000
0.000000
0.000000
0.000000
0.000000
0.000000
0.000000
0.000000
0.000000
0.000000
0.000000
0.000000
0.000000
0.000000
0.000000
0.000000
0.000000
0.000000
0.000000
0.000000
0.000000
0.000000
0.000000
0.000000
0.000000
0.000000
0.000000
0.000000
0.000000
0.000000
0.000000
0.000000
0.000000
0.000000
0.000000
0.000000
0.000000
0.000000
0.000000
0.000000
0.000000
0.000000
0.000000
0.000000
0.000000
0.000000
0.000000
0.000000
0.000000
0.000000
0.000000
0.000000
0.000000
0.000000
0.000000
0.000000
0.000000
0.000000
0.000000
0.000000
0.000000
0.000000
0.000000
0.000000
0.000000
0.000000
0.000000
0.000000
0.000000
0.000000
0.000000
5.589663
5.879007
6.232029
6.568074
6.762700
6.944892
0.000029
0.000025
0.000016
0.000018
0.000007
0.000007
0.000009
0.000072
0.000073
0.000297
0.000187
0.000208
0.000125
0.000091
0.000083
0.000047
0.000044
0.000011
0.000008
0.000017
0.000017
0.000039
0.000068
0.000024
0.000007
0.000009
0.000035
0.000020
0.000029
0.000028
0.000016
0.000005
0.000006
0.000029
0.000031
0.000018
0.000049
0.000031
0.000019
0.000043
0.000025
0.000079
0.000015
0.000007
0.000009
0.000007
0.000004
0.000002
0.000002
0.000002
0.000001
0.000001
0.000003
0.000002
0.000003
0.000004
0.000011
0.000020
0.000073
0.000394
0.000311
0.000059
0.000057
0.000006
0.000023
0.000016
0.000033
0.000305
0.000352
0.000783
0.001004
7.233489
7.385712
7.383103
7.365999
7.360791
7.303700
7.094891
0.063657
6.943426
6.810660
0.001626
0.001095
0.000609
0.000278
0.000089
0.000041
0.000030
0.000018
0.000018
0.000022
0.000080
0.000100
0.000324
0.000454
0.002437
6.347803
6.175194
6.034106
0.001469
0.000481
0.000486
0.000511
0.000644
0.000141
0.000089
0.000164
0.000237
0.000290
0.000202
0.002303
0.002152
0.003773
5.994899
0.015000
0.013194
0.014381
0.008075
0.008277
0.009437
5.939427
5.957267
6.049561
6.066333
0.167891
6.134536
6.446636
0.009450
0.011303
6.937280
7.243696
0.000145
0.000095
0.000103
0.000138
0.000286
0.000368
0.000469
0.000978
0.001415
0.001986
7.889696
7.900656
7.945405
7.975834
7.977298
8.002711
7.937065
7.872522
7.803950
7.683527
7.225753
6.745085
2.043822
1.670514
1.586915
1.223823
1.168169
1.174976
0.022723
0.008043
0.005936
0.005578
0.004735
0.004491
0.008093
0.004513
0.011732
0.015682
0.016800
3.800243
4.142884
0.066968
0.000174
0.000280
0.000052
0.000149
0.000170
0.000199
0.000270
0.000511
0.000792
0.030813
5.319724
5.927035
6.572100
6.934694
7.405830
7.548340
7.754708
7.894140
8.151559
8.072025
8.011992
8.022622
8.020261
0.015692
0.017031
0.018933
0.020507
7.921265
7.812071
7.721008
7.648502
7.307857
6.951161
6.538922
5.820783
5.281177
3.630881
3.339837
0.034519
3.923247
1.488075
2.201549
0.001244
0.000922
0.000818
0.000570
0.000228
0.000223
0.000160
0.000494
0.000716
0.000241
0.000118
0.000088
0.000078
0.000193
0.000499
0.000572
0.000721
0.001455
0.002499
2.165760
1.841631
4.170599
4.259561
0.001211
5.490105
6.486783
7.081644
0.001869
0.002360
0.001811
0.008718
0.010629
0.015676
7.428504
7.486433
7.448999
7.434854
6.513382
6.076396
5.617013
0.051246
0.791868
0.779684
0.708250
0.714216
0.806121
0.001886
0.001483
0.001369
0.000971
0.001329
0.002403
0.880530
4.925336
5.681479
5.796763
5.851306
0.089258
0.024126
0.107747
6.434883
6.611725
6.727937
6.875216
6.980963
0.026736
0.028754
0.000813
0.000957
0.000484
0.000361
0.000274
0.000312
0.000352
0.000996
0.001596
0.003941
0.016795
7.307499
7.575393
0.000000
0.000000
0.000000
0.000000
0.000000
0.000000
0.000000
0.000000
0.000000
0.000000
0.000000
0.000000
0.000000
0.000000
0.000000
0.000000
0.000000
0.000000
0.000000
0.000000
0.000000
0.000000
0.000000
0.000000
0.000000
0.000000
0.000000
0.000000
0.000000
0.000000
0.000000
0.000000
0.000000
0.000000
0.000000
0.000000
0.000000
0.000000
0.000000
0.000000
0.000000
0.000000
0.000000
0.000000
0.000000
0.000000
0.000000
0.000000
0.000000
0.000000
0.000000
0.000000
0.000000
0.000000
0.000000
0.000000
0.000000
0.000000
0.000000
0.000000
0.000000
0.000000
0.000000
0.000000
0.000000
0.000000
0.000000
0.000000
0.000000
0.000000
0.000000
0.000000
0.000000
0.000000
0.000000
0.000000
0.000000
0.000000
0.000000
0.000000
0.000000
0.000000
0.000000
0.000000
0.000000
0.000000
0.000000
0.000000
0.000000
0.000000
7.849305
8.129998
8.154247
8.188613
0.000000
0.000000
0.000000
0.000000
0.000000
0.000000
0.000000
0.000000
0.000000
0.000000
0.000000
0.000000
0.000000
0.000000
0.000000
0.000000
0.000000
0.000000
0.000000
0.000000
0.000000
0.000000
0.000000
0.000000
0.000000
0.000000
0.000000
0.000000
0.000000
0.000000
0.000000
0.000000
0.000000
0.000000
0.000000
0.000000
0.000000
0.000000
0.000000
0.000000
0.000000
0.000000
0.000000
0.000000
0.000000
0.000000
0.000000
0.000000
0.000000
0.000000
0.000000
0.000000
0.000000
0.000000
0.000000
0.000000
0.000000
8.168656
8.071041
7.990911
0.026369
0.021588
0.019015
0.018880
0.018987
7.798201
7.702936
7.522884
7.276108
6.901077
6.646025
6.488921
6.103207
5.815145
5.475185
0.027833
0.023538
0.018808
0.009659
0.009008
0.008601
0.008363
0.008195
0.008324
0.008132
0.006801
0.007052
0.006906
0.005735
0.005375
0.000439
0.000453
0.000402
0.000401
0.000415
0.000392
0.000385
0.000379
0.000398
0.000374
0.000377
0.000487
0.000421
0.000380
0.000387
0.000433
0.000324
0.000269
0.000425
0.000250
0.000397
0.000395
0.000375
0.000393
0.000387
0.000379
0.000376
0.000410
0.000373
0.000395
0.000445
0.000466
0.000460
0.000377
0.000535
0.000467
0.000511
0.000468
0.000544
0.000575
4.927601
4.710636
4.465997
4.204008
3.867873
3.464682
3.189223
3.065752
2.991101
3.157148
0.500751
0.496580
0.039684
0.541713
4.195276
4.806279
5.411797
5.519255
0.002336
0.001683
0.001354
0.000221
0.000204
0.000146
0.001163
0.001064
0.001548
0.001377
0.001899
0.003629
0.000097
0.000088
0.000100
0.000097
0.000097
0.000083
0.000115
0.000227
0.000266
0.000401
0.000661
0.002094
0.003952
6.018506
6.089876
6.206704
6.341421
6.396955
6.408006
6.424046
6.405972
6.281693
6.262309
6.172611
5.739940
5.241832
4.917106
4.517058
0.032955
0.010143
0.005799
0.005348
0.945635
0.001068
0.000943
0.000947
0.000000
0.000000
0.000000
0.000000
0.000000
0.000000
0.000000
0.000000
0.000000
0.000000
0.000000
0.000000
0.000000
0.000000
0.000000
0.000000
0.000000
0.000000
0.000000
0.000000
0.000000
0.000000
0.000000
0.000000
0.000000
0.000000
0.000000
0.000000
4.298059
0.060427
0.064912
5.137261
5.405394
5.788772
5.965214
6.085422
6.261824
6.298559
6.347348
6.319179
6.196743
5.793444
5.227256
4.745429
4.466555
4.131699
3.757490
3.387383
3.068916
2.761222
2.522741
0.009305
0.006369
0.004960
0.004360
0.002256
0.002096
0.000031
0.000066
0.000066
0.000040
0.000014
0.000015
0.000015
0.000025
0.000021
0.000020
0.000014
0.000060
0.000051
0.000020
0.000014
0.000015
0.000015
0.000025
0.000036
0.000034
0.000061
0.000075
0.000034
0.000021
0.000060
0.000048
0.000049
0.000095
0.000035
0.000028
0.000049
0.000043
0.000034
0.000738
0.001055
0.000674
0.000201
0.000158
0.000076
0.000066
0.000053
0.000172
0.000051
0.000042
0.000113
0.000056
0.000047
0.000039
0.000050
0.000041
0.000046
0.000053
0.000143
0.000131
0.000118
0.000124
0.000018
0.000042
0.000035
0.000036
0.000056
0.000465
0.000151
0.000893
0.000357
1.451168
0.904850
0.773335
0.800442
0.096309
0.079340
0.073613
0.059001
0.041390
0.038856
0.038827
0.019859
0.020458
0.020936
0.021845
0.243396
0.191053
0.145676
0.128129
0.107926
0.055827
0.055618
0.049549
0.035521
0.031652
0.027695
0.026792
0.016180
0.015415
0.012972
0.009365
0.002357
0.002463
0.002268
0.001982
0.002340
0.004789
0.003243
0.002094
0.002964
0.003878
0.005166
0.007927
0.275410
0.000006
0.000022
0.000007
0.000004
0.000012
0.000006
0.000006
0.000006
0.000003
0.000003
0.000004
0.000006
0.000001
0.000002
0.000002
0.000006
0.000002
0.000010
0.000002
0.000002
0.000001
0.000001
0.000003
0.000002
0.000001
0.000001
0.000002
0.225628
0.187566
0.003147
0.001784
0.001496
0.000032
0.000023
0.000015
0.000011
0.000008
0.000003
0.000019
0.000008
0.000007
0.000009
0.000004
0.000002
0.000001
0.000001
0.000002
0.000002
0.000003
0.000003
0.000003
0.000003
0.000002
0.000002
0.000001
0.000001
0.000001
0.000001
0.000001
0.000001
0.000002
0.000001
0.000004
0.000001
0.000001
0.000001
0.000001
0.000001
0.000001
0.000002
0.000002
0.000037
0.000029
0.000026
0.000025
0.000021
0.000016
0.000000
0.000000
0.000000
0.000000
0.000001
0.000000
0.000001
0.000001
0.000000
0.000000
0.000000
0.000000
0.000000
0.000000
0.000000
0.000000
0.000000
0.000000
0.000000
0.000000
0.000000
0.000000
0.000000
0.000001
0.000000
0.000000
0.000000
0.000000
0.000000
0.000000
0.000000
0.000000
0.000000
0.000000
0.000000
0.000007
0.000007
0.000055
0.000250
0.000344
0.000358
0.000366
0.000374
0.000378
0.000376
0.000377
0.000375
0.000375
0.000376
0.000379
0.000388
0.000377
0.000382
0.000376
0.000372
0.000372
0.000374
0.000374
0.000374
0.000374
0.000374
0.000374
0.000374
0.000374
0.000374
0.000374
0.000374
0.000374
0.000374
0.000374
0.000374
0.000374
0.000374
0.000374
0.000374
0.000374
0.000374
0.000375
0.000374
0.000374
0.000375
0.000375
0.000374
0.000374
0.000374
0.000374
0.000374
0.000374
0.000374
0.000374
0.000374
0.000374
0.000374
0.000374
0.000374
0.000374
0.000374
0.000374
0.000374
0.000374
0.000374
0.000374
0.000374
0.000374
0.000374
0.000374
0.000374
0.000374
0.000374
0.000374
0.000374
0.000374
0.000374
0.000374
0.000374
0.000374
0.000374
0.000374
0.000374
0.000374
0.000374
0.000374
0.000374
0.000374
0.000374
0.000374
0.000374
0.000374
0.000374
0.000374
0.000374
0.000374
0.000374
0.000374
0.000374
0.000374
0.000374
0.000374
0.000374
0.000374
0.000374
0.000374
0.000374
0.000374
0.000374
0.000374
0.000374
0.000374
0.000374
0.000374
0.000374
0.000374
0.000374
0.000374
0.000374
0.000374
0.000374
0.000374
0.000374
0.000374
0.000374
0.000374
0.000374
0.000374
0.000374
0.000374
0.000374
0.000374
0.000374
0.000374
0.000374
0.000374
0.000374
0.000374
0.000374
0.000374
0.000374
0.000374
0.000374
0.000374
0.000374
0.000374
0.000374
0.000374
0.000374
0.000374
0.000374
0.000374
0.000374
0.000374
0.000374
0.000374
0.000374
0.000374
0.000374
0.000374
0.000374
0.000374
0.000374
0.000374
0.000374
0.000374
0.000374
0.000374
0.000374
0.000374
0.000374
0.000374
0.000374
0.000374
0.000374
0.000374
0.000374
0.000374
0.000374
0.000374
0.000374
0.000374
0.000374
0.000374
0.000374
0.000374
0.000374
0.000374
0.000374
0.000374
0.000374
0.000374
0.000374
0.000374
0.000374
0.000374
0.000374
0.000374
0.000374
0.000374
0.000374
0.000374
0.000374
0.000374
0.000374
0.000374
0.000374
0.000374
0.000374
0.000374
0.000374
0.000374
0.000374
0.000374
0.000374
0.000374
0.000374
0.000374
0.000374
0.000374
0.000374
0.000374
0.000374
0.000374
0.000374
0.000374
0.000374
0.000374
0.000374
0.000374
0.000374
0.000374
0.000374
0.000374
0.000374
0.000374
0.000374
0.000374
0.000374
0.000374
0.000374
0.000374
0.000374
0.000374
0.000374
0.000374
0.000374
0.000374
0.000374
0.000374
0.000374
0.000374
0.000374
0.000374
0.000374
0.000374
0.000374
0.000374
0.000374
0.000374
0.000374
0.000374
0.000374
0.000374
0.000374
0.000374
0.000374
0.000374
0.000374
0.000374
0.000374
0.000374
0.000374
0.000374
0.000374
0.000374
0.000374
0.000374
0.000374
0.000374
0.000374
0.000374
0.000374
0.000374
0.000374
0.000374
0.000374
0.000374
0.000374
0.000374
0.000374
0.000374
0.000374
0.000374
0.000374
0.000374
0.000374
0.000374
0.000374
0.000374
0.000374
0.000374
0.000374
0.000374
0.000374
0.000374
0.000374
0.000374
0.000374
0.000374
0.000374
0.000374
0.000374
0.000374
0.000374
0.000374
0.000374
0.000374
0.000374
0.000374
0.000374
0.000374
0.000374
0.000374
0.000374
0.000373
0.000365
0.000355
0.000349
0.000302
0.000152
0.000146
0.000248
0.000356
0.000360
0.000349
0.000326
0.000276
0.000352
0.000363
0.000370
0.000373
0.000374
0.000374
0.000374
0.000374
0.000374
0.000374
0.000374
0.000374
0.000374
0.000374
0.000374
0.000374
0.000374
0.000374
0.000374
0.000374
0.000374
0.000374
0.000374
0.000374
0.000374
0.000374
0.000374
0.000374
0.000374
0.000374
0.000374
0.000374
0.000374
0.000374
0.000374
0.000374
0.000374
0.000374
0.000374
0.000374
0.000374
0.000374
0.000374
0.000374
0.000374
0.000374
0.000374
0.000374
0.000374
0.000374
0.000374
0.000374
0.000374
0.000374
0.000374
0.000374
0.000374
0.000374
0.000374
0.000374
0.000374
0.000374
0.000374
0.000374
0.000374
0.000374
0.000374
0.000374
0.000374
0.000374
0.000374
0.000374
0.000374
0.000374
0.000374
0.000374
0.000374
0.000374
0.000374
0.000374
0.000374
0.000374
0.000374
0.000374
0.000374
0.000374
0.000374
0.000374
0.000374
0.000374
0.000374
0.000374
0.000374
0.000374
0.000374
0.000374
0.000374
0.000374
0.000374
0.000374
0.000374
0.000374
0.000374
0.000374
0.000374
0.000374
0.000374
0.000374
0.000374
0.000374
0.000374
0.000374
0.000374
0.000374
0.000374
0.000374
0.000374
0.000374
0.000374
0.000374
0.000374
0.000374
0.000374
0.000374
0.000374
0.000374
0.000374
0.000374
0.000374
0.000374
0.000374
0.000374
0.000374
0.000374
0.000374
0.000374
0.000374
0.000374
0.000374
0.000374
0.000374
0.000374
0.000374
0.000374
0.000374
0.000374
0.000374
0.000374
0.000374
0.000374
0.000374
0.000374
0.000940
0.140627
0.150045
0.130652
0.002162
0.002363
